<component name="libraryTable">
  <library name="junit-4.12">
    <CLASSES>
      <root url="jar://$PROJECT_DIR$/lib/junit-4.12.jar!/" />
      <root url="jar://$PROJECT_DIR$/lib/log4j-1.2.17.jar!/" />
      <root url="jar://$PROJECT_DIR$/lib/poi-3.17.jar!/" />
      <root url="jar://$PROJECT_DIR$/lib/poi-examples-3.17.jar!/" />
      <root url="jar://$PROJECT_DIR$/lib/poi-excelant-3.17.jar!/" />
      <root url="jar://$PROJECT_DIR$/lib/poi-ooxml-3.17.jar!/" />
      <root url="jar://$PROJECT_DIR$/lib/poi-ooxml-schemas-3.17.jar!/" />
      <root url="jar://$PROJECT_DIR$/lib/poi-scratchpad-3.17.jar!/" />
    </CLASSES>
    <JAVADOC />
    <SOURCES />
  </library>
</component>